# JRE version: OpenJDK Runtime Environment (11.0.15) (build 11.0.15+0-b2043.56-9505619)
# Java VM: OpenJDK 64-Bit Server VM (11.0.15+0-b2043.56-9505619, mixed mode, tiered, compressed oops, g1 gc, windows-amd64)
Heap:
 garbage-first heap   total 187392K, used 134973K [0x0000000080000000, 0x0000000100000000)
  region size 1024K, 54 young (55296K), 7 survivors (7168K)
 Metaspace       used 90959K, capacity 93783K, committed 93992K, reserved 1130496K
  class space    used 11883K, capacity 12948K, committed 13080K, reserved 1048576K
GC Heap History (20 events):
Event: 27.112 GC heap before
{Heap before GC invocations=19 (full 0):
 garbage-first heap   total 129024K, used 97908K [0x0000000080000000, 0x0000000100000000)
  region size 1024K, 47 young (48128K), 5 survivors (5120K)
 Metaspace       used 71250K, capacity 73023K, committed 73256K, reserved 1112064K
  class space    used 9272K, capacity 9960K, committed 10008K, reserved 1048576K
}
Event: 27.123 GC heap after
{Heap after GC invocations=20 (full 0):
 garbage-first heap   total 129024K, used 57668K [0x0000000080000000, 0x0000000100000000)
  region size 1024K, 4 young (4096K), 4 survivors (4096K)
 Metaspace       used 71250K, capacity 73023K, committed 73256K, reserved 1112064K
  class space    used 9272K, capacity 9960K, committed 10008K, reserved 1048576K
}
Event: 27.681 GC heap before
{Heap before GC invocations=20 (full 0):
 garbage-first heap   total 129024K, used 100676K [0x0000000080000000, 0x0000000100000000)
  region size 1024K, 46 young (47104K), 4 survivors (4096K)
 Metaspace       used 73176K, capacity 74979K, committed 75176K, reserved 1114112K
  class space    used 9567K, capacity 10264K, committed 10392K, reserved 1048576K
}
Event: 27.691 GC heap after
{Heap after GC invocations=21 (full 0):
 garbage-first heap   total 129024K, used 60882K [0x0000000080000000, 0x0000000100000000)
  region size 1024K, 6 young (6144K), 6 survivors (6144K)
 Metaspace       used 73176K, capacity 74979K, committed 75176K, reserved 1114112K
  class space    used 9567K, capacity 10264K, committed 10392K, reserved 1048576K
}
Event: 28.435 GC heap before
{Heap before GC invocations=21 (full 0):
 garbage-first heap   total 129024K, used 101842K [0x0000000080000000, 0x0000000100000000)
  region size 1024K, 46 young (47104K), 6 survivors (6144K)
 Metaspace       used 76793K, capacity 78654K, committed 78760K, reserved 1118208K
  class space    used 10120K, capacity 10851K, committed 10904K, reserved 1048576K
}
Event: 28.448 GC heap after
{Heap after GC invocations=22 (full 0):
 garbage-first heap   total 129024K, used 63196K [0x0000000080000000, 0x0000000100000000)
  region size 1024K, 3 young (3072K), 3 survivors (3072K)
 Metaspace       used 76793K, capacity 78654K, committed 78760K, reserved 1118208K
  class space    used 10120K, capacity 10851K, committed 10904K, reserved 1048576K
}
Event: 29.114 GC heap before
{Heap before GC invocations=22 (full 0):
 garbage-first heap   total 129024K, used 103132K [0x0000000080000000, 0x0000000100000000)
  region size 1024K, 42 young (43008K), 3 survivors (3072K)
 Metaspace       used 80150K, capacity 82192K, committed 82344K, reserved 1120256K
  class space    used 10510K, capacity 11295K, committed 11416K, reserved 1048576K
}
Event: 29.123 GC heap after
{Heap after GC invocations=23 (full 0):
 garbage-first heap   total 155648K, used 66423K [0x0000000080000000, 0x0000000100000000)
  region size 1024K, 6 young (6144K), 6 survivors (6144K)
 Metaspace       used 80150K, capacity 82192K, committed 82344K, reserved 1120256K
  class space    used 10510K, capacity 11295K, committed 11416K, reserved 1048576K
}
Event: 29.624 GC heap before
{Heap before GC invocations=24 (full 0):
 garbage-first heap   total 155648K, used 116599K [0x0000000080000000, 0x0000000100000000)
  region size 1024K, 55 young (56320K), 6 survivors (6144K)
 Metaspace       used 80634K, capacity 82623K, committed 82856K, reserved 1120256K
  class space    used 10567K, capacity 11350K, committed 11416K, reserved 1048576K
}
Event: 29.641 GC heap after
{Heap after GC invocations=25 (full 0):
 garbage-first heap   total 155648K, used 72821K [0x0000000080000000, 0x0000000100000000)
  region size 1024K, 7 young (7168K), 7 survivors (7168K)
 Metaspace       used 80634K, capacity 82623K, committed 82856K, reserved 1120256K
  class space    used 10567K, capacity 11350K, committed 11416K, reserved 1048576K
}
Event: 30.658 GC heap before
{Heap before GC invocations=25 (full 0):
 garbage-first heap   total 155648K, used 119925K [0x0000000080000000, 0x0000000100000000)
  region size 1024K, 53 young (54272K), 7 survivors (7168K)
 Metaspace       used 83284K, capacity 85757K, committed 86056K, reserved 1124352K
  class space    used 11052K, capacity 11991K, committed 12056K, reserved 1048576K
}
Event: 30.675 GC heap after
{Heap after GC invocations=26 (full 0):
 garbage-first heap   total 155648K, used 77332K [0x0000000080000000, 0x0000000100000000)
  region size 1024K, 5 young (5120K), 5 survivors (5120K)
 Metaspace       used 83284K, capacity 85757K, committed 86056K, reserved 1124352K
  class space    used 11052K, capacity 11991K, committed 12056K, reserved 1048576K
}
Event: 31.283 GC heap before
{Heap before GC invocations=26 (full 0):
 garbage-first heap   total 155648K, used 121364K [0x0000000080000000, 0x0000000100000000)
  region size 1024K, 49 young (50176K), 5 survivors (5120K)
 Metaspace       used 83691K, capacity 86164K, committed 86312K, reserved 1124352K
  class space    used 11071K, capacity 12012K, committed 12056K, reserved 1048576K
}
Event: 31.299 GC heap after
{Heap after GC invocations=27 (full 0):
 garbage-first heap   total 155648K, used 79768K [0x0000000080000000, 0x0000000100000000)
  region size 1024K, 3 young (3072K), 3 survivors (3072K)
 Metaspace       used 83691K, capacity 86164K, committed 86312K, reserved 1124352K
  class space    used 11071K, capacity 12012K, committed 12056K, reserved 1048576K
}
Event: 32.032 GC heap before
{Heap before GC invocations=28 (full 0):
 garbage-first heap   total 155648K, used 123800K [0x0000000080000000, 0x0000000100000000)
  region size 1024K, 47 young (48128K), 3 survivors (3072K)
 Metaspace       used 84277K, capacity 86884K, committed 86952K, reserved 1124352K
  class space    used 11128K, capacity 12121K, committed 12184K, reserved 1048576K
}
Event: 32.052 GC heap after
{Heap after GC invocations=29 (full 0):
 garbage-first heap   total 187392K, used 82816K [0x0000000080000000, 0x0000000100000000)
  region size 1024K, 6 young (6144K), 6 survivors (6144K)
 Metaspace       used 84277K, capacity 86884K, committed 86952K, reserved 1124352K
  class space    used 11128K, capacity 12121K, committed 12184K, reserved 1048576K
}
Event: 40.197 GC heap before
{Heap before GC invocations=29 (full 0):
 garbage-first heap   total 187392K, used 141184K [0x0000000080000000, 0x0000000100000000)
  region size 1024K, 64 young (65536K), 6 survivors (6144K)
 Metaspace       used 86967K, capacity 89658K, committed 89768K, reserved 1126400K
  class space    used 11390K, capacity 12371K, committed 12440K, reserved 1048576K
}
Event: 40.210 GC heap after
{Heap after GC invocations=30 (full 0):
 garbage-first heap   total 187392K, used 86239K [0x0000000080000000, 0x0000000100000000)
  region size 1024K, 7 young (7168K), 7 survivors (7168K)
 Metaspace       used 86967K, capacity 89658K, committed 89768K, reserved 1126400K
  class space    used 11390K, capacity 12371K, committed 12440K, reserved 1048576K
}
Event: 44.081 GC heap before
{Heap before GC invocations=30 (full 0):
 garbage-first heap   total 187392K, used 144607K [0x0000000080000000, 0x0000000100000000)
  region size 1024K, 66 young (67584K), 7 survivors (7168K)
 Metaspace       used 88565K, capacity 91255K, committed 91560K, reserved 1128448K
  class space    used 11592K, capacity 12598K, committed 12696K, reserved 1048576K
}
Event: 44.091 GC heap after
{Heap after GC invocations=31 (full 0):
 garbage-first heap   total 187392K, used 88893K [0x0000000080000000, 0x0000000100000000)
  region size 1024K, 7 young (7168K), 7 survivors (7168K)
 Metaspace       used 88565K, capacity 91255K, committed 91560K, reserved 1128448K
  class space    used 11592K, capacity 12598K, committed 12696K, reserved 1048576K
}

